c:\users\bensp\onedrive\desktop\programming file\the code box\cpp docs\visual studio stuff\testlab\tryingopengl\tryingopengl\x64\debug\vc143.pdb
c:\users\bensp\onedrive\desktop\programming file\the code box\cpp docs\visual studio stuff\testlab\tryingopengl\tryingopengl\x64\debug\vc143.idb
c:\users\bensp\onedrive\desktop\programming file\the code box\cpp docs\visual studio stuff\testlab\tryingopengl\tryingopengl\x64\debug\glad.obj
c:\users\bensp\onedrive\desktop\programming file\the code box\cpp docs\visual studio stuff\testlab\tryingopengl\tryingopengl\x64\debug\vertex_buffer.obj
c:\users\bensp\onedrive\desktop\programming file\the code box\cpp docs\visual studio stuff\testlab\tryingopengl\tryingopengl\x64\debug\element_buffer.obj
c:\users\bensp\onedrive\desktop\programming file\the code box\cpp docs\visual studio stuff\testlab\tryingopengl\tryingopengl\x64\debug\vertex_array.obj
c:\users\bensp\onedrive\desktop\programming file\the code box\cpp docs\visual studio stuff\testlab\tryingopengl\tryingopengl\x64\debug\shader.obj
c:\users\bensp\onedrive\desktop\programming file\the code box\cpp docs\visual studio stuff\testlab\tryingopengl\tryingopengl\x64\debug\main.obj
c:\users\bensp\onedrive\desktop\programming file\the code box\cpp docs\visual studio stuff\testlab\tryingopengl\tryingopengl\x64\debug\stb.obj
c:\users\bensp\onedrive\desktop\programming file\the code box\cpp docs\visual studio stuff\testlab\tryingopengl\tryingopengl\x64\debug\texture.obj
c:\users\bensp\onedrive\desktop\programming file\the code box\cpp docs\visual studio stuff\testlab\tryingopengl\tryingopengl\x64\debug\camera.obj
c:\users\bensp\onedrive\desktop\programming file\the code box\cpp docs\visual studio stuff\testlab\tryingopengl\tryingopengl\x64\debug\mesh.obj
c:\users\bensp\onedrive\desktop\programming file\the code box\cpp docs\visual studio stuff\testlab\tryingopengl\x64\debug\tryingopengl.exe
c:\users\bensp\onedrive\desktop\programming file\the code box\cpp docs\visual studio stuff\testlab\tryingopengl\tryingopengl\x64\debug\tryingopengl.ilk
c:\users\bensp\onedrive\desktop\programming file\the code box\cpp docs\visual studio stuff\testlab\tryingopengl\x64\debug\tryingopengl.pdb
c:\users\bensp\onedrive\desktop\programming file\the code box\cpp docs\visual studio stuff\testlab\tryingopengl\tryingopengl\x64\debug\tryingopengl.tlog\cl.command.1.tlog
c:\users\bensp\onedrive\desktop\programming file\the code box\cpp docs\visual studio stuff\testlab\tryingopengl\tryingopengl\x64\debug\tryingopengl.tlog\cl.read.1.tlog
c:\users\bensp\onedrive\desktop\programming file\the code box\cpp docs\visual studio stuff\testlab\tryingopengl\tryingopengl\x64\debug\tryingopengl.tlog\cl.write.1.tlog
c:\users\bensp\onedrive\desktop\programming file\the code box\cpp docs\visual studio stuff\testlab\tryingopengl\tryingopengl\x64\debug\tryingopengl.tlog\link.command.1.tlog
c:\users\bensp\onedrive\desktop\programming file\the code box\cpp docs\visual studio stuff\testlab\tryingopengl\tryingopengl\x64\debug\tryingopengl.tlog\link.read.1.tlog
c:\users\bensp\onedrive\desktop\programming file\the code box\cpp docs\visual studio stuff\testlab\tryingopengl\tryingopengl\x64\debug\tryingopengl.tlog\link.write.1.tlog
